<?xml version="1.0" encoding="UTF-8"?>
<testsuite name="net.diegoquirino.calculator.ux.CucumberTestSuite" tests="0" skipped="0" failures="0" errors="0" timestamp="1970-01-01T00:00:00" hostname="heaven" time="0.0">
  <properties/>
  <system-out><![CDATA[00:45:17.955 [Test worker] DEBUG net.thucydides.core.guice.Injectors - Created injector for module net.thucydides.core.guice.ThucydidesModule
00:45:18.088 [Test worker] INFO io.cucumber.core.plugin.SerenityReporter - Running feature from file:///home/kaneda/calculadora-de-descontos-serenity/src/test/resources/features/REQ003-EnviarMensagemDeContato.feature
00:45:18.230 [Test worker] DEBUG net.thucydides.core.guice.Injectors - Created injector for module net.thucydides.core.guice.webdriver.WebDriverModule
00:45:18.249 [Test worker] INFO  - 

-------------------------------------------------------------------------------------
     _______. _______ .______       _______ .__   __.  __  .___________.____    ____ 
    /       ||   ____||   _  \     |   ____||  \ |  | |  | |           |\   \  /   / 
   |   (----`|  |__   |  |_)  |    |  |__   |   \|  | |  | `---|  |----` \   \/   /  
    \   \    |   __|  |      /     |   __|  |  . `  | |  |     |  |       \_    _/   
.----)   |   |  |____ |  |\  \----.|  |____ |  |\   | |  |     |  |         |  |     
|_______/    |_______|| _| `._____||_______||__| \__| |__|     |__|         |__|    
                                                                                     
 News and tutorials at http://www.serenity-bdd.info                                  
 Documentation at https://wakaleo.gitbooks.io/the-serenity-book/content/             
 Join the Serenity Community on Gitter: https://gitter.im/serenity-bdd/serenity-core 
 Serenity BDD Support and Training at http://serenity-bdd.info/#/trainingandsupport  
-------------------------------------------------------------------------------------

00:45:18.254 [Test worker] DEBUG net.thucydides.core.steps.StepEventBus - Test suite started for story net.thucydides.core.model.Story@1b57a7e9
00:45:18.257 [Test worker] INFO  - Test Suite Started: REQ003 - Enviar mensagem de contato
00:45:18.272 [Test worker] INFO io.cucumber.core.plugin.SerenityReporter - Running feature from file:///home/kaneda/calculadora-de-descontos-serenity/src/test/resources/features/REQ003-EnviarMensagemDeContato.feature
00:45:18.277 [Test worker] DEBUG net.thucydides.core.steps.StepEventBus - Test suite started for story net.thucydides.core.model.Story@1b57a7e9
00:45:18.278 [Test worker] INFO  - Test Suite Started: REQ003 - Enviar mensagem de contato
00:46:09.673 [Test worker] DEBUG net.thucydides.core.reports.ReportService - Reporting formats: [JSON, HTML]
00:46:09.746 [Test worker] DEBUG net.thucydides.core.reports.ReportService - Reporting formats: [JSON, HTML]
00:46:09.753 [Test worker] DEBUG net.thucydides.core.reports.ReportService - Generating reports for 2 test outcomes using: net.thucydides.core.reports.json.JSONTestOutcomeReporter@774cc4a9
00:46:09.757 [pool-1-thread-2] DEBUG net.thucydides.core.reports.ReportService - Processing test outcome REQ003 - Enviar mensagem de contato:Cálculo do Desconto do Produto Inválido
00:46:09.757 [pool-1-thread-2] DEBUG net.thucydides.core.reports.ReportService - net.thucydides.core.reports.json.JSONTestOutcomeReporter@774cc4a9: Generating report for test outcome: REQ003 - Enviar mensagem de contato:Cálculo do Desconto do Produto Inválido
00:46:09.757 [pool-1-thread-1] DEBUG net.thucydides.core.reports.ReportService - Processing test outcome REQ003 - Enviar mensagem de contato:Envio de mensagem válida
00:46:09.758 [pool-1-thread-1] DEBUG net.thucydides.core.reports.ReportService - net.thucydides.core.reports.json.JSONTestOutcomeReporter@774cc4a9: Generating report for test outcome: REQ003 - Enviar mensagem de contato:Envio de mensagem válida
00:46:09.762 [pool-1-thread-2] DEBUG net.thucydides.core.reports.json.JSONTestOutcomeReporter - Generating JSON report for Cálculo do Desconto do Produto Inválido to file /home/kaneda/calculadora-de-descontos-serenity/target/site/serenity/692f05856f02dad6e420bcb16b8a8b223d151d8bc369ebf4f4f256e36aaf362d.json (using temp file /home/kaneda/calculadora-de-descontos-serenity/target/site/serenity/692f05856f02dad6e420bcb16b8a8b223d151d8bc369ebf4f4f256e36aaf362d.jsond787d214-695b-461f-805e-a89890e4535a)
00:46:09.767 [pool-1-thread-1] DEBUG net.thucydides.core.reports.json.JSONTestOutcomeReporter - Generating JSON report for Envio de mensagem válida to file /home/kaneda/calculadora-de-descontos-serenity/target/site/serenity/4bf3181985fd15166107129b102456f83de14b5b000de6e8d6fde0fb65e3cbd8.json (using temp file /home/kaneda/calculadora-de-descontos-serenity/target/site/serenity/4bf3181985fd15166107129b102456f83de14b5b000de6e8d6fde0fb65e3cbd8.json4fcd24ea-fe7f-4b17-a958-c66d9b326f97)
00:46:09.802 [pool-1-thread-1] DEBUG net.thucydides.core.reports.ReportService - Processing test outcome REQ003 - Enviar mensagem de contato:Envio de mensagem válida done
00:46:09.802 [pool-1-thread-2] DEBUG net.thucydides.core.reports.ReportService - Processing test outcome REQ003 - Enviar mensagem de contato:Cálculo do Desconto do Produto Inválido done
00:46:09.803 [Test worker] DEBUG net.thucydides.core.reports.ReportService - Shutting down executor service
00:46:09.803 [Test worker] DEBUG net.thucydides.core.reports.ReportService - Reports generated in: 50 ms
00:46:09.803 [Test worker] DEBUG net.thucydides.core.reports.ReportService - Generating reports for 2 test outcomes using: net.thucydides.core.reports.html.HtmlAcceptanceTestReporter@39e16443
00:46:09.804 [pool-2-thread-1] DEBUG net.thucydides.core.reports.ReportService - Processing test outcome REQ003 - Enviar mensagem de contato:Envio de mensagem válida
00:46:09.804 [pool-2-thread-1] DEBUG net.thucydides.core.reports.ReportService - net.thucydides.core.reports.html.HtmlAcceptanceTestReporter@39e16443: Generating report for test outcome: REQ003 - Enviar mensagem de contato:Envio de mensagem válida
00:46:09.806 [pool-2-thread-2] DEBUG net.thucydides.core.reports.ReportService - Processing test outcome REQ003 - Enviar mensagem de contato:Cálculo do Desconto do Produto Inválido
00:46:09.806 [pool-2-thread-2] DEBUG net.thucydides.core.reports.ReportService - net.thucydides.core.reports.html.HtmlAcceptanceTestReporter@39e16443: Generating report for test outcome: REQ003 - Enviar mensagem de contato:Cálculo do Desconto do Produto Inválido
00:46:10.018 [AsyncHttpClient-1-1] DEBUG org.asynchttpclient.netty.channel.DefaultChannelPool - Entry count for : http://localhost:45072 : 1
00:46:10.018 [AsyncHttpClient-1-1] DEBUG org.asynchttpclient.netty.channel.DefaultChannelPool - Entry count for : http://localhost:36823 : 1
00:46:10.018 [AsyncHttpClient-1-1] DEBUG org.asynchttpclient.netty.channel.DefaultChannelPool - Adding Candidate expired Channel [id: 0xa5805ddb, L:/127.0.0.1:38194 ! R:localhost/127.0.0.1:45072] isIdleTimeoutExpired=false isRemotelyClosed=true isTtlExpired=false
00:46:10.018 [AsyncHttpClient-1-1] DEBUG org.asynchttpclient.netty.channel.DefaultChannelPool - Closing Idle Channel [id: 0xa5805ddb, L:/127.0.0.1:38194 ! R:localhost/127.0.0.1:45072]
00:46:10.018 [AsyncHttpClient-1-1] DEBUG org.asynchttpclient.netty.channel.DefaultChannelPool - Adding Candidate expired Channel [id: 0xf41dd5df, L:/127.0.0.1:37214 ! R:localhost/127.0.0.1:36823] isIdleTimeoutExpired=false isRemotelyClosed=true isTtlExpired=false
00:46:10.018 [AsyncHttpClient-1-1] DEBUG org.asynchttpclient.netty.channel.DefaultChannelPool - Closing Idle Channel [id: 0xf41dd5df, L:/127.0.0.1:37214 ! R:localhost/127.0.0.1:36823]
00:46:10.018 [AsyncHttpClient-1-1] DEBUG org.asynchttpclient.netty.channel.DefaultChannelPool - Closed 2 connections out of 2 in 0 ms
00:46:10.683 [pool-2-thread-1] DEBUG net.thucydides.core.reports.ReportService - Processing test outcome REQ003 - Enviar mensagem de contato:Envio de mensagem válida done
00:46:10.710 [pool-2-thread-2] DEBUG net.thucydides.core.reports.ReportService - Processing test outcome REQ003 - Enviar mensagem de contato:Cálculo do Desconto do Produto Inválido done
00:46:10.710 [Test worker] DEBUG net.thucydides.core.reports.ReportService - Shutting down executor service
00:46:10.710 [Test worker] DEBUG net.thucydides.core.reports.ReportService - Reports generated in: 907 ms
00:46:10.803 [Test worker] DEBUG net.serenitybdd.core.photography.Darkroom - Closing darkroom
00:46:10.803 [Darkroom Processing Line] DEBUG net.serenitybdd.core.photography.DarkroomProcessingLine - Darkroom processing line shutting down
00:46:10.809 [Test worker] DEBUG net.serenitybdd.core.photography.Darkroom - Closing darkroom
]]></system-out>
  <system-err><![CDATA[SLF4J: Class path contains multiple SLF4J providers.
SLF4J: Found provider [ch.qos.logback.classic.spi.LogbackServiceProvider@291b4bf5]
SLF4J: Found provider [org.slf4j.simple.SimpleServiceProvider@2d2ffcb7]
SLF4J: See https://www.slf4j.org/codes.html#multiple_bindings for an explanation.
SLF4J: Actual provider is of type [ch.qos.logback.classic.spi.LogbackServiceProvider@291b4bf5]
?[32m?[1m┌───────────────────────────────────────────────────────────────────────────────────┐?[0m
?[32m?[1m│?[0m Share your Cucumber Report with your team at ?[36m?[1m?[4mhttps://reports.cucumber.io?[0m          ?[32m?[1m│?[0m
?[32m?[1m│?[0m Activate publishing with one of the following:                                    ?[32m?[1m│?[0m
?[32m?[1m│?[0m                                                                                   ?[32m?[1m│?[0m
?[32m?[1m│?[0m src/test/resources/cucumber.properties:          ?[36mcucumber.publish.enabled?[0m=?[36mtrue?[0m    ?[32m?[1m│?[0m
?[32m?[1m│?[0m src/test/resources/junit-platform.properties:    ?[36mcucumber.publish.enabled?[0m=?[36mtrue?[0m    ?[32m?[1m│?[0m
?[32m?[1m│?[0m Environment variable:                            ?[36mCUCUMBER_PUBLISH_ENABLED?[0m=?[36mtrue?[0m    ?[32m?[1m│?[0m
?[32m?[1m│?[0m JUnit:                                           ?[36m@CucumberOptions?[0m(publish = ?[36mtrue?[0m) ?[32m?[1m│?[0m
?[32m?[1m│?[0m                                                                                   ?[32m?[1m│?[0m
?[32m?[1m│?[0m More information at ?[36mhttps://cucumber.io/docs/cucumber/environment-variables/?[0m      ?[32m?[1m│?[0m
?[32m?[1m│?[0m                                                                                   ?[32m?[1m│?[0m
?[32m?[1m│?[0m Disable this message with one of the following:                                   ?[32m?[1m│?[0m
?[32m?[1m│?[0m                                                                                   ?[32m?[1m│?[0m
?[32m?[1m│?[0m src/test/resources/cucumber.properties:          ?[36mcucumber.publish.quiet?[0m=?[36mtrue?[0m      ?[32m?[1m│?[0m
?[32m?[1m│?[0m src/test/resources/junit-platform.properties:    ?[36mcucumber.publish.quiet?[0m=?[36mtrue?[0m      ?[32m?[1m│?[0m
?[32m?[1m└───────────────────────────────────────────────────────────────────────────────────┘?[0m
]]></system-err>
</testsuite>
